cl : Command line warning D9025: overriding '/analyze-' with '/analyze:stacksize18000000'
  ReadWrite.cpp
c:\users\user\documents\github\oop-assignment\oop assignment\oop assignment\readwrite.cpp(43): warning C4101: 'j': unreferenced local variable
  Assessment VS15.8.cpp
c:\users\user\documents\github\oop-assignment\oop assignment 15.8\assessment vs15.8\assessment vs15.8\assessment vs15.8.cpp(37): warning C4244: 'argument': conversion from 'double' to 'const _Ty', possible loss of data
          with
          [
              _Ty=unsigned char
          ]
c:\users\user\documents\github\oop-assignment\oop assignment 15.8\assessment vs15.8\assessment vs15.8\assessment vs15.8.cpp(44): warning C4244: 'argument': conversion from 'double' to 'const _Ty', possible loss of data
          with
          [
              _Ty=unsigned char
          ]
c:\users\user\documents\github\oop-assignment\oop assignment 15.8\assessment vs15.8\assessment vs15.8\assessment vs15.8.cpp(88): warning C4244: 'initializing': conversion from 'double' to 'int', possible loss of data
c:\users\user\documents\github\oop-assignment\oop assignment 15.8\assessment vs15.8\assessment vs15.8\assessment vs15.8.cpp(89): warning C4244: 'initializing': conversion from 'double' to 'int', possible loss of data
c:\users\user\documents\github\oop-assignment\oop assignment 15.8\assessment vs15.8\assessment vs15.8\assessment vs15.8.cpp(85): warning C4101: 'temp': unreferenced local variable
  Compiling...
  Generating Code...
  Assessment VS15.8.vcxproj -> C:\Users\User\Documents\GitHub\OOP-Assignment\OOP Assignment 15.8\Assessment VS15.8\Debug\Assessment VS15.8.exe
